#
# A fatal error has been detected by the Java Runtime Environment:
#
#  SIGSEGV (0xb) at pc=0x00007fff90b9c4d7, pid=444, tid=42547
#
# JRE version: Java(TM) SE Runtime Environment (8.0_31-b13) (build 1.8.0_31-b13)
# Java VM: Java HotSpot(TM) 64-Bit Server VM (25.31-b07 mixed mode bsd-amd64 compressed oops)
# Problematic frame:
# C  [libobjc.A.dylib+0x14d7]  objc_msgSend+0x17
#
# Failed to write core dump. Core dumps have been disabled. To enable core dumping, try "ulimit -c unlimited" before starting Java again
#
# If you would like to submit a bug report, please visit:
#   http://bugreport.java.com/bugreport/crash.jsp
# The crash happened outside the Java Virtual Machine in native code.
# See problematic frame for where to report the bug.
#

---------------  T H R E A D  ---------------

Current thread (0x00007f9cac09c800):  JavaThread "Java2D Queue Flusher" daemon [_thread_in_native, id=42547, stack(0x0000700001965000,0x0000700001a65000)]

siginfo: si_signo: 11 (SIGSEGV), si_code: 0 (unknown), si_addr: 0x0000000000000000

Registers:
RAX=0x00007f9cab96b000, RBX=0x00007f9cac09c9e8, RCX=0x00007f9cab96b040, RDX=0x000000012630ead0
RSP=0x0000700001a646d8, RBP=0x0000700001a64700, RSI=0x00007fff96969bfa, RDI=0xd000000000000000
R8 =0x00000000fffffffc, R9 =0x00007f9cab319640, R10=0x000000010973bb78, R11=0x00007ffffffffff8
R12=0x00007f9cab96b038, R13=0x000000012251ab58, R14=0x00007f9cab15c240, R15=0x00007f9cab15bfa0
RIP=0x00007fff90b9c4d7, EFLAGS=0x0000000000010246, ERR=0x0000000000000000
  TRAPNO=0x000000000000000d

Top of Stack: (sp=0x0000700001a646d8)
0x0000700001a646d8:   00000001262ee4ea 00007f9cab15c280
0x0000700001a646e8:   0000000000000000 00007f9caa827a10
0x0000700001a646f8:   00007f9cac09c800 0000700001a64780
0x0000700001a64708:   000000012630e5ae 0000000001a64830
0x0000700001a64718:   00000002a881a0da 0000000000000000
0x0000700001a64728:   00000001088cc510 0000000000000064
0x0000700001a64738:   00007f9cac09c800 0000000000000bad
0x0000700001a64748:   00007f9caa827a20 00007f9c0009c800
0x0000700001a64758:   00007f9cac09c9e8 000000012251ab58
0x0000700001a64768:   0000000000000000 0000700001a64830
0x0000700001a64778:   00007f9cac09c800 0000700001a647f8
0x0000700001a64788:   000000010973bba4 0000000122174cb0
0x0000700001a64798:   0000000000000000 0000000122173138
0x0000700001a647a8:   0000000000000000 0000700001a647d0
0x0000700001a647b8:   0000700001a647b8 0000000000000000
0x0000700001a647c8:   0000700001a64830 000000012251bc60
0x0000700001a647d8:   0000000000000000 000000012251ab58
0x0000700001a647e8:   0000000000000000 0000700001a64818
0x0000700001a647f8:   0000700001a64878 0000000109726a0d
0x0000700001a64808:   0000000000000000 0000000109732518
0x0000700001a64818:   0000000000000020 00007f9caa827a00
0x0000700001a64828:   000000076eb20d60 000000076eb20d48
0x0000700001a64838:   0000700001a64838 000000012251ac05
0x0000700001a64848:   0000700001a64890 000000012251bc60
0x0000700001a64858:   0000000000000000 000000012251ac28
0x0000700001a64868:   0000700001a64818 0000700001a64890
0x0000700001a64878:   0000700001a648d8 0000000109726a0d
0x0000700001a64888:   0000000000000020 000000076eb20d48
0x0000700001a64898:   0000700001a64898 000000012251ade1
0x0000700001a648a8:   0000700001a648e8 000000012251bc60
0x0000700001a648b8:   0000000000000000 000000012251adf0
0x0000700001a648c8:   0000700001a64890 0000700001a648e8 

Instructions: (pc=0x00007fff90b9c4d7)
0x00007fff90b9c4b7:   00 31 c0 c3 0f 1f 44 00 00 48 85 ff 2e 74 62 40
0x00007fff90b9c4c7:   f6 c7 01 2e 75 66 49 bb f8 ff ff ff ff 7f 00 00
0x00007fff90b9c4d7:   4c 23 1f 49 89 f2 45 23 53 18 49 c1 e2 04 4d 03
0x00007fff90b9c4e7:   53 10 49 3b 32 75 04 41 ff 62 08 49 83 3a 01 76 

Register to memory mapping:

RAX=0x00007f9cab96b000 is an unknown value
RBX=0x00007f9cac09c9e8 is an unknown value
RCX=0x00007f9cab96b040 is an unknown value
RDX=0x000000012630ead0: Java_sun_java2d_opengl_OGLRenderQueue_flushBuffer+0xb5c in /Users/Arnav_Gudibande/Downloads/BlueJ 3.1.5/BlueJ.app/Contents/Frameworks/jdk.framework/Versions/A/Contents/Home/jre/lib/libawt_lwawt.dylib at 0x00000001262d3000
RSP=0x0000700001a646d8 is pointing into the stack for thread: 0x00007f9cac09c800
RBP=0x0000700001a64700 is pointing into the stack for thread: 0x00007f9cac09c800
RSI=0x00007fff96969bfa: -[NSTitlebarContainerView transparent]+0xd9e2 in /System/Library/Frameworks/AppKit.framework/Versions/C/AppKit at 0x00007fff95f37000
RDI=0xd000000000000000 is an unknown value
R8 =0x00000000fffffffc is an unknown value
R9 =0x00007f9cab319640 is an unknown value
R10=0x000000010973bb78 is at code_begin+1528 in an Interpreter codelet
method entry point (kind = native)  [0x000000010973b580, 0x000000010973c4a0]  3872 bytes
R11=0x00007ffffffffff8 is an unknown value
R12=0x00007f9cab96b038 is an unknown value
R13={method} {0x000000012251ab58} 'flushBuffer' '(JI)V' in 'sun/java2d/opengl/OGLRenderQueue'
R14=0x00007f9cab15c240 is an unknown value
R15=0x00007f9cab15bfa0 is an unknown value


Stack: [0x0000700001965000,0x0000700001a65000],  sp=0x0000700001a646d8,  free space=1021k
Native frames: (J=compiled Java code, j=interpreted, Vv=VM code, C=native code)
C  [libobjc.A.dylib+0x14d7]  objc_msgSend+0x17
C  [libawt_lwawt.dylib+0x3b5ae]  Java_sun_java2d_opengl_OGLRenderQueue_flushBuffer+0x63a
j  sun.java2d.opengl.OGLRenderQueue.flushBuffer(JI)V+0
j  sun.java2d.opengl.OGLRenderQueue.flushBuffer()V+21
j  sun.java2d.opengl.OGLRenderQueue.access$100(Lsun/java2d/opengl/OGLRenderQueue;)V+1
j  sun.java2d.opengl.OGLRenderQueue$QueueFlusher.run()V+81
v  ~StubRoutines::call_stub
V  [libjvm.dylib+0x2d4442]  JavaCalls::call_helper(JavaValue*, methodHandle*, JavaCallArguments*, Thread*)+0x6ae
V  [libjvm.dylib+0x2d4bd0]  JavaCalls::call_virtual(JavaValue*, KlassHandle, Symbol*, Symbol*, JavaCallArguments*, Thread*)+0x164
V  [libjvm.dylib+0x2d4d7c]  JavaCalls::call_virtual(JavaValue*, Handle, KlassHandle, Symbol*, Symbol*, Thread*)+0x4a
V  [libjvm.dylib+0x32576f]  thread_entry(JavaThread*, Thread*)+0x7c
V  [libjvm.dylib+0x5360cf]  JavaThread::thread_main_inner()+0x9b
V  [libjvm.dylib+0x53780c]  JavaThread::run()+0x1c2
V  [libjvm.dylib+0x45d772]  java_start(Thread*)+0xf6
C  [libsystem_pthread.dylib+0x3c13]  _pthread_body+0x83
C  [libsystem_pthread.dylib+0x3b90]  _pthread_body+0x0
C  [libsystem_pthread.dylib+0x1375]  thread_start+0xd
C  0x0000000000000000

Java frames: (J=compiled Java code, j=interpreted, Vv=VM code)
j  sun.java2d.opengl.OGLRenderQueue.flushBuffer(JI)V+0
j  sun.java2d.opengl.OGLRenderQueue.flushBuffer()V+21
j  sun.java2d.opengl.OGLRenderQueue.access$100(Lsun/java2d/opengl/OGLRenderQueue;)V+1
j  sun.java2d.opengl.OGLRenderQueue$QueueFlusher.run()V+81
v  ~StubRoutines::call_stub

---------------  P R O C E S S  ---------------

Java Threads: ( => current thread )
  0x00007f9cac174000 JavaThread "main" [_thread_blocked, id=60563, stack(0x0000700001c77000,0x0000700001d77000)]
  0x00007f9ca89b7800 JavaThread "AWT-EventQueue-0" [_thread_blocked, id=29983, stack(0x0000700002109000,0x0000700002209000)]
  0x00007f9caa961800 JavaThread "AWT-Shutdown" [_thread_blocked, id=62507, stack(0x0000700001aeb000,0x0000700001beb000)]
  0x00007f9caa003800 JavaThread "TimerQueue" daemon [_thread_blocked, id=64199, stack(0x000070000220c000,0x000070000230c000)]
  0x00007f9cac11d000 JavaThread "Java2D Disposer" daemon [_thread_blocked, id=56847, stack(0x0000700001f00000,0x0000700002000000)]
=>0x00007f9cac09c800 JavaThread "Java2D Queue Flusher" daemon [_thread_in_native, id=42547, stack(0x0000700001965000,0x0000700001a65000)]
  0x00007f9caa862800 JavaThread "DestroyJavaVM" [_thread_blocked, id=5891, stack(0x000070000011a000,0x000070000021a000)]
  0x00007f9ca88a7800 JavaThread "BlueJ worker thread" [_thread_blocked, id=55299, stack(0x0000700001d7a000,0x0000700001e7a000)]
  0x00007f9caa860800 JavaThread "AppKit Thread" daemon [_thread_in_native, id=2571, stack(0x00007fff57f54000,0x00007fff58754000)]
  0x00007f9cac019000 JavaThread "Service Thread" daemon [_thread_blocked, id=22787, stack(0x000070000165c000,0x000070000175c000)]
  0x00007f9ca8853000 JavaThread "C1 CompilerThread3" daemon [_thread_blocked, id=22275, stack(0x0000700001559000,0x0000700001659000)]
  0x00007f9cac801000 JavaThread "C2 CompilerThread2" daemon [_thread_blocked, id=21763, stack(0x0000700001456000,0x0000700001556000)]
  0x00007f9cac00e000 JavaThread "C2 CompilerThread1" daemon [_thread_blocked, id=21251, stack(0x0000700001353000,0x0000700001453000)]
  0x00007f9ca884a000 JavaThread "C2 CompilerThread0" daemon [_thread_blocked, id=20739, stack(0x0000700001250000,0x0000700001350000)]
  0x00007f9cab847800 JavaThread "JDWP Command Reader" daemon [_thread_in_native, id=20227, stack(0x000070000114d000,0x000070000124d000)]
  0x00007f9cac009000 JavaThread "JDWP Event Helper Thread" daemon [_thread_blocked, id=19715, stack(0x000070000104a000,0x000070000114a000)]
  0x00007f9cac008800 JavaThread "JDWP Transport Listener: dt_socket" daemon [_thread_blocked, id=19203, stack(0x0000700000f47000,0x0000700001047000)]
  0x00007f9cac000000 JavaThread "Signal Dispatcher" daemon [_thread_blocked, id=15887, stack(0x0000700000e44000,0x0000700000f44000)]
  0x00007f9cac005000 JavaThread "Finalizer" daemon [_thread_blocked, id=14339, stack(0x0000700000c3b000,0x0000700000d3b000)]
  0x00007f9cac004800 JavaThread "Reference Handler" daemon [_thread_blocked, id=13827, stack(0x0000700000b38000,0x0000700000c38000)]

Other Threads:
  0x00007f9ca8816800 VMThread [stack: 0x0000700000a35000,0x0000700000b35000] [id=13315]
  0x00007f9ca885d800 WatcherThread [stack: 0x000070000175f000,0x000070000185f000] [id=23299]

VM state:not at safepoint (normal execution)

VM Mutex/Monitor currently owned by a thread: None

Heap:
 PSYoungGen      total 76288K, used 7833K [0x000000076ab00000, 0x0000000770000000, 0x00000007c0000000)
  eden space 65536K, 8% used [0x000000076ab00000,0x000000076b01edb0,0x000000076eb00000)
  from space 10752K, 24% used [0x000000076eb00000,0x000000076ed87a38,0x000000076f580000)
  to   space 10752K, 0% used [0x000000076f580000,0x000000076f580000,0x0000000770000000)
 ParOldGen       total 175104K, used 16K [0x00000006c0000000, 0x00000006cab00000, 0x000000076ab00000)
  object space 175104K, 0% used [0x00000006c0000000,0x00000006c0004000,0x00000006cab00000)
 Metaspace       used 9732K, capacity 9970K, committed 10112K, reserved 1058816K
  class space    used 1159K, capacity 1287K, committed 1408K, reserved 1048576K

Card table byte_map: [0x0000000118adf000,0x00000001192e0000] byte_map_base: 0x00000001154df000

Marking Bits: (ParMarkBitMap*) 0x000000010909e410
 Begin Bits: [0x0000000119836000, 0x000000011d836000)
 End Bits:   [0x000000011d836000, 0x0000000121836000)

Polling page: 0x000000010776d000

CodeCache: size=245760Kb used=2916Kb max_used=2916Kb free=242843Kb
 bounds [0x000000010971f000, 0x00000001099ff000, 0x000000011871f000]
 total_blobs=1269 nmethods=810 adapters=382
 compilation: enabled

Compilation events (10 events):
Event: 1810.375 Thread 0x00007f9ca8853000 nmethod 827 0x00000001099eead0 code [0x00000001099eec40, 0x00000001099eedf0]
Event: 1810.375 Thread 0x00007f9ca8853000  828       3       java.lang.ref.Reference::access$100 (4 bytes)
Event: 1810.376 Thread 0x00007f9ca8853000 nmethod 828 0x00000001099ee7d0 code [0x00000001099ee920, 0x00000001099eea70]
Event: 1810.376 Thread 0x00007f9ca8853000  829   !   3       java.lang.ref.ReferenceQueue::enqueue (119 bytes)
Event: 1810.376 Thread 0x00007f9ca8853000 nmethod 829 0x00000001099f01d0 code [0x00000001099f0380, 0x00000001099f0b48]
Event: 1810.376 Thread 0x00007f9ca8853000  830       3       sun.java2d.pipe.RenderQueue::ensureCapacityAndAlignment (13 bytes)
Event: 1810.377 Thread 0x00007f9ca8853000 nmethod 830 0x00000001099f8390 code [0x00000001099f8540, 0x00000001099f8cc8]
Event: 1810.377 Thread 0x00007f9ca8853000  831       3       java.lang.ref.ReferenceQueue::reallyPoll (66 bytes)
Event: 1810.377 Thread 0x00007f9ca8853000 nmethod 831 0x00000001099f7cd0 code [0x00000001099f7e60, 0x00000001099f82d0]
Event: 1810.377 Thread 0x00007f9ca8853000  832       3       java.lang.ref.ReferenceQueue::remove (6 bytes)

GC Heap History (2 events):
Event: 1810.372 GC heap before
{Heap before GC invocations=1 (full 0):
 PSYoungGen      total 76288K, used 65536K [0x000000076ab00000, 0x0000000770000000, 0x00000007c0000000)
  eden space 65536K, 100% used [0x000000076ab00000,0x000000076eb00000,0x000000076eb00000)
  from space 10752K, 0% used [0x000000076f580000,0x000000076f580000,0x0000000770000000)
  to   space 10752K, 0% used [0x000000076eb00000,0x000000076eb00000,0x000000076f580000)
 ParOldGen       total 175104K, used 0K [0x00000006c0000000, 0x00000006cab00000, 0x000000076ab00000)
  object space 175104K, 0% used [0x00000006c0000000,0x00000006c0000000,0x00000006cab00000)
 Metaspace       used 9727K, capacity 9906K, committed 10112K, reserved 1058816K
  class space    used 1159K, capacity 1287K, committed 1408K, reserved 1048576K
Event: 1810.375 GC heap after
Heap after GC invocations=1 (full 0):
 PSYoungGen      total 76288K, used 2590K [0x000000076ab00000, 0x0000000770000000, 0x00000007c0000000)
  eden space 65536K, 0% used [0x000000076ab00000,0x000000076ab00000,0x000000076eb00000)
  from space 10752K, 24% used [0x000000076eb00000,0x000000076ed87a38,0x000000076f580000)
  to   space 10752K, 0% used [0x000000076f580000,0x000000076f580000,0x0000000770000000)
 ParOldGen       total 175104K, used 16K [0x00000006c0000000, 0x00000006cab00000, 0x000000076ab00000)
  object space 175104K, 0% used [0x00000006c0000000,0x00000006c0004000,0x00000006cab00000)
 Metaspace       used 9727K, capacity 9906K, committed 10112K, reserved 1058816K
  class space    used 1159K, capacity 1287K, committed 1408K, reserved 1048576K
}

Deoptimization events (0 events):
No events

Internal exceptions (10 events):
Event: 1735.072 Thread 0x00007f9caa86d000 Exception <a 'java/security/PrivilegedActionException'> (0x000000076da741d8) thrown at [/Users/java_re/workspace/8-2-build-macosx-x86_64/jdk8u31/2394/hotspot/src/share/vm/prims/jvm.cpp, line 1312]
Event: 1735.073 Thread 0x00007f9caa86d000 Exception <a 'java/security/PrivilegedActionException'> (0x000000076da748a0) thrown at [/Users/java_re/workspace/8-2-build-macosx-x86_64/jdk8u31/2394/hotspot/src/share/vm/prims/jvm.cpp, line 1312]
Event: 1735.073 Thread 0x00007f9caa86d000 Exception <a 'java/security/PrivilegedActionException'> (0x000000076da77308) thrown at [/Users/java_re/workspace/8-2-build-macosx-x86_64/jdk8u31/2394/hotspot/src/share/vm/prims/jvm.cpp, line 1312]
Event: 1735.073 Thread 0x00007f9caa86d000 Exception <a 'java/security/PrivilegedActionException'> (0x000000076da77b00) thrown at [/Users/java_re/workspace/8-2-build-macosx-x86_64/jdk8u31/2394/hotspot/src/share/vm/prims/jvm.cpp, line 1312]
Event: 1770.958 Thread 0x00007f9cac05d000 Exception <a 'java/security/PrivilegedActionException'> (0x000000076e5e6b40) thrown at [/Users/java_re/workspace/8-2-build-macosx-x86_64/jdk8u31/2394/hotspot/src/share/vm/prims/jvm.cpp, line 1312]
Event: 1770.958 Thread 0x00007f9cac05d000 Exception <a 'java/security/PrivilegedActionException'> (0x000000076e5e7270) thrown at [/Users/java_re/workspace/8-2-build-macosx-x86_64/jdk8u31/2394/hotspot/src/share/vm/prims/jvm.cpp, line 1312]
Event: 1770.960 Thread 0x00007f9cac05d000 Exception <a 'java/security/PrivilegedActionException'> (0x000000076e5f9a00) thrown at [/Users/java_re/workspace/8-2-build-macosx-x86_64/jdk8u31/2394/hotspot/src/share/vm/prims/jvm.cpp, line 1312]
Event: 1770.961 Thread 0x00007f9cac05d000 Exception <a 'java/security/PrivilegedActionException'> (0x000000076e5fa0c8) thrown at [/Users/java_re/workspace/8-2-build-macosx-x86_64/jdk8u31/2394/hotspot/src/share/vm/prims/jvm.cpp, line 1312]
Event: 1770.961 Thread 0x00007f9cac05d000 Exception <a 'java/security/PrivilegedActionException'> (0x000000076e5fcb30) thrown at [/Users/java_re/workspace/8-2-build-macosx-x86_64/jdk8u31/2394/hotspot/src/share/vm/prims/jvm.cpp, line 1312]
Event: 1770.961 Thread 0x00007f9cac05d000 Exception <a 'java/security/PrivilegedActionException'> (0x000000076e5fd328) thrown at [/Users/java_re/workspace/8-2-build-macosx-x86_64/jdk8u31/2394/hotspot/src/share/vm/prims/jvm.cpp, line 1312]

Events (10 events):
Event: 1810.372 Executing VM operation: ParallelGCFailedAllocation
Event: 1810.375 Executing VM operation: ParallelGCFailedAllocation done
Event: 1810.375 Thread 0x00007f9cac174000 Thread added: 0x00007f9cac174000
Event: 1810.375 Executing VM operation: RevokeBias
Event: 1810.375 Executing VM operation: RevokeBias done
Event: 1810.376 Thread 0x00007f9cac23d000 Thread exited: 0x00007f9cac23d000
Event: 1810.376 Executing VM operation: RevokeBias
Event: 1810.376 Executing VM operation: RevokeBias done
Event: 1810.376 Executing VM operation: RevokeBias
Event: 1810.377 Executing VM operation: RevokeBias done


Dynamic libraries:
0x0000000009513000 	/System/Library/Frameworks/Cocoa.framework/Versions/A/Cocoa
0x0000000009513000 	/System/Library/Frameworks/Security.framework/Versions/A/Security
0x0000000009513000 	/System/Library/Frameworks/ApplicationServices.framework/Versions/A/ApplicationServices
0x0000000009513000 	/usr/lib/libz.1.dylib
0x0000000009513000 	/usr/lib/libSystem.B.dylib
0x0000000009513000 	/usr/lib/libobjc.A.dylib
0x0000000009513000 	/System/Library/Frameworks/CoreFoundation.framework/Versions/A/CoreFoundation
0x0000000009513000 	/System/Library/Frameworks/Foundation.framework/Versions/C/Foundation
0x0000000009513000 	/System/Library/Frameworks/AppKit.framework/Versions/C/AppKit
0x0000000009513000 	/System/Library/Frameworks/CoreData.framework/Versions/A/CoreData
0x0000000009513000 	/System/Library/PrivateFrameworks/RemoteViewServices.framework/Versions/A/RemoteViewServices
0x0000000009513000 	/System/Library/PrivateFrameworks/UIFoundation.framework/Versions/A/UIFoundation
0x0000000009513000 	/usr/lib/libScreenReader.dylib
0x0000000009513000 	/System/Library/Frameworks/Accelerate.framework/Versions/A/Accelerate
0x0000000009513000 	/System/Library/Frameworks/IOSurface.framework/Versions/A/IOSurface
0x0000000009513000 	/System/Library/Frameworks/AudioToolbox.framework/Versions/A/AudioToolbox
0x0000000009513000 	/System/Library/Frameworks/AudioUnit.framework/Versions/A/AudioUnit
0x0000000009513000 	/System/Library/PrivateFrameworks/DataDetectorsCore.framework/Versions/A/DataDetectorsCore
0x0000000009513000 	/System/Library/PrivateFrameworks/DesktopServicesPriv.framework/Versions/A/DesktopServicesPriv
0x0000000009513000 	/System/Library/Frameworks/Carbon.framework/Versions/A/Frameworks/HIToolbox.framework/Versions/A/HIToolbox
0x0000000009513000 	/System/Library/Frameworks/QuartzCore.framework/Versions/A/QuartzCore
0x0000000009513000 	/System/Library/Frameworks/Carbon.framework/Versions/A/Frameworks/SpeechRecognition.framework/Versions/A/SpeechRecognition
0x0000000009513000 	/usr/lib/libauto.dylib
0x0000000009513000 	/usr/lib/libicucore.A.dylib
0x0000000009513000 	/usr/lib/libxml2.2.dylib
0x0000000009513000 	/System/Library/PrivateFrameworks/CoreUI.framework/Versions/A/CoreUI
0x0000000009513000 	/System/Library/Frameworks/CoreAudio.framework/Versions/A/CoreAudio
0x0000000009513000 	/System/Library/Frameworks/DiskArbitration.framework/Versions/A/DiskArbitration
0x0000000009513000 	/usr/lib/liblangid.dylib
0x0000000009513000 	/System/Library/PrivateFrameworks/MultitouchSupport.framework/Versions/A/MultitouchSupport
0x0000000009513000 	/System/Library/Frameworks/IOKit.framework/Versions/A/IOKit
0x0000000009513000 	/usr/lib/libDiagnosticMessagesClient.dylib
0x0000000009513000 	/System/Library/Frameworks/CoreServices.framework/Versions/A/CoreServices
0x0000000009513000 	/System/Library/PrivateFrameworks/PerformanceAnalysis.framework/Versions/A/PerformanceAnalysis
0x0000000009513000 	/System/Library/PrivateFrameworks/GenerationalStorage.framework/Versions/A/GenerationalStorage
0x0000000009513000 	/System/Library/Frameworks/OpenGL.framework/Versions/A/OpenGL
0x0000000009513000 	/System/Library/PrivateFrameworks/Sharing.framework/Versions/A/Sharing
0x0000000009513000 	/System/Library/Frameworks/CoreGraphics.framework/Versions/A/CoreGraphics
0x0000000009513000 	/System/Library/Frameworks/CoreImage.framework/Versions/A/CoreImage
0x0000000009513000 	/System/Library/Frameworks/CoreText.framework/Versions/A/CoreText
0x0000000009513000 	/System/Library/Frameworks/ImageIO.framework/Versions/A/ImageIO
0x0000000009513000 	/System/Library/PrivateFrameworks/Backup.framework/Versions/A/Backup
0x0000000009513000 	/usr/lib/libextension.dylib
0x0000000009513000 	/usr/lib/libarchive.2.dylib
0x0000000009513000 	/System/Library/Frameworks/CFNetwork.framework/Versions/A/CFNetwork
0x0000000009513000 	/System/Library/Frameworks/SystemConfiguration.framework/Versions/A/SystemConfiguration
0x0000000009513000 	/usr/lib/libCRFSuite.dylib
0x0000000009513000 	/usr/lib/libc++.1.dylib
0x0000000009513000 	/usr/lib/libc++abi.dylib
0x0000000009513000 	/usr/lib/system/libcache.dylib
0x0000000009513000 	/usr/lib/system/libcommonCrypto.dylib
0x0000000009513000 	/usr/lib/system/libcompiler_rt.dylib
0x0000000009513000 	/usr/lib/system/libcopyfile.dylib
0x0000000009513000 	/usr/lib/system/libcorecrypto.dylib
0x0000000009513000 	/usr/lib/system/libdispatch.dylib
0x0000000009513000 	/usr/lib/system/libdyld.dylib
0x0000000009513000 	/usr/lib/system/libkeymgr.dylib
0x0000000009513000 	/usr/lib/system/liblaunch.dylib
0x0000000009513000 	/usr/lib/system/libmacho.dylib
0x0000000009513000 	/usr/lib/system/libquarantine.dylib
0x0000000009513000 	/usr/lib/system/libremovefile.dylib
0x0000000009513000 	/usr/lib/system/libsystem_asl.dylib
0x0000000009513000 	/usr/lib/system/libsystem_blocks.dylib
0x0000000009513000 	/usr/lib/system/libsystem_c.dylib
0x0000000009513000 	/usr/lib/system/libsystem_configuration.dylib
0x0000000009513000 	/usr/lib/system/libsystem_coreservices.dylib
0x0000000009513000 	/usr/lib/system/libsystem_coretls.dylib
0x0000000009513000 	/usr/lib/system/libsystem_dnssd.dylib
0x0000000009513000 	/usr/lib/system/libsystem_info.dylib
0x0000000009513000 	/usr/lib/system/libsystem_kernel.dylib
0x0000000009513000 	/usr/lib/system/libsystem_m.dylib
0x0000000009513000 	/usr/lib/system/libsystem_malloc.dylib
0x0000000009513000 	/usr/lib/system/libsystem_network.dylib
0x0000000009513000 	/usr/lib/system/libsystem_networkextension.dylib
0x0000000009513000 	/usr/lib/system/libsystem_notify.dylib
0x0000000009513000 	/usr/lib/system/libsystem_platform.dylib
0x0000000009513000 	/usr/lib/system/libsystem_pthread.dylib
0x0000000009513000 	/usr/lib/system/libsystem_sandbox.dylib
0x0000000009513000 	/usr/lib/system/libsystem_secinit.dylib
0x0000000009513000 	/usr/lib/system/libsystem_trace.dylib
0x0000000009513000 	/usr/lib/system/libunc.dylib
0x0000000009513000 	/usr/lib/system/libunwind.dylib
0x0000000009513000 	/usr/lib/system/libxpc.dylib
0x0000000009513000 	/usr/lib/libenergytrace.dylib
0x0000000009513000 	/usr/lib/libbsm.0.dylib
0x0000000009513000 	/usr/lib/system/libkxld.dylib
0x0000000009513000 	/usr/lib/libxar.1.dylib
0x0000000009513000 	/usr/lib/libsqlite3.dylib
0x0000000009513000 	/usr/lib/libpam.2.dylib
0x0000000009513000 	/usr/lib/libOpenScriptingUtil.dylib
0x0000000009513000 	/usr/lib/libbz2.1.0.dylib
0x0000000009513000 	/usr/lib/liblzma.5.dylib
0x0000000009513000 	/System/Library/Frameworks/CoreServices.framework/Versions/A/Frameworks/FSEvents.framework/Versions/A/FSEvents
0x0000000009513000 	/System/Library/Frameworks/CoreServices.framework/Versions/A/Frameworks/CarbonCore.framework/Versions/A/CarbonCore
0x0000000009513000 	/System/Library/Frameworks/CoreServices.framework/Versions/A/Frameworks/Metadata.framework/Versions/A/Metadata
0x0000000009513000 	/System/Library/Frameworks/CoreServices.framework/Versions/A/Frameworks/OSServices.framework/Versions/A/OSServices
0x0000000009513000 	/System/Library/Frameworks/CoreServices.framework/Versions/A/Frameworks/SearchKit.framework/Versions/A/SearchKit
0x0000000009513000 	/System/Library/Frameworks/CoreServices.framework/Versions/A/Frameworks/AE.framework/Versions/A/AE
0x0000000009513000 	/System/Library/Frameworks/CoreServices.framework/Versions/A/Frameworks/LaunchServices.framework/Versions/A/LaunchServices
0x0000000009513000 	/System/Library/Frameworks/CoreServices.framework/Versions/A/Frameworks/DictionaryServices.framework/Versions/A/DictionaryServices
0x0000000009513000 	/System/Library/Frameworks/CoreServices.framework/Versions/A/Frameworks/SharedFileList.framework/Versions/A/SharedFileList
0x0000000009513000 	/System/Library/Frameworks/NetFS.framework/Versions/A/NetFS
0x0000000009513000 	/System/Library/PrivateFrameworks/NetAuth.framework/Versions/A/NetAuth
0x0000000009513000 	/System/Library/PrivateFrameworks/login.framework/Versions/A/Frameworks/loginsupport.framework/Versions/A/loginsupport
0x0000000009513000 	/System/Library/PrivateFrameworks/TCC.framework/Versions/A/TCC
0x0000000009513000 	/usr/lib/libmecabra.dylib
0x0000000009513000 	/System/Library/Frameworks/ApplicationServices.framework/Versions/A/Frameworks/ATS.framework/Versions/A/ATS
0x0000000009513000 	/System/Library/Frameworks/ApplicationServices.framework/Versions/A/Frameworks/ColorSync.framework/Versions/A/ColorSync
0x0000000009513000 	/System/Library/Frameworks/ApplicationServices.framework/Versions/A/Frameworks/HIServices.framework/Versions/A/HIServices
0x0000000009513000 	/System/Library/Frameworks/ApplicationServices.framework/Versions/A/Frameworks/LangAnalysis.framework/Versions/A/LangAnalysis
0x0000000009513000 	/System/Library/Frameworks/ApplicationServices.framework/Versions/A/Frameworks/PrintCore.framework/Versions/A/PrintCore
0x0000000009513000 	/System/Library/Frameworks/ApplicationServices.framework/Versions/A/Frameworks/QD.framework/Versions/A/QD
0x0000000009513000 	/System/Library/Frameworks/ApplicationServices.framework/Versions/A/Frameworks/SpeechSynthesis.framework/Versions/A/SpeechSynthesis
0x0000000009513000 	/System/Library/Frameworks/Metal.framework/Versions/A/Metal
0x0000000009513000 	/System/Library/Frameworks/Accelerate.framework/Versions/A/Frameworks/vImage.framework/Versions/A/vImage
0x0000000009513000 	/System/Library/Frameworks/Accelerate.framework/Versions/A/Frameworks/vecLib.framework/Versions/A/vecLib
0x0000000009513000 	/System/Library/Frameworks/Accelerate.framework/Versions/A/Frameworks/vecLib.framework/Versions/A/libvDSP.dylib
0x0000000009513000 	/System/Library/Frameworks/Accelerate.framework/Versions/A/Frameworks/vecLib.framework/Versions/A/libvMisc.dylib
0x0000000009513000 	/System/Library/Frameworks/Accelerate.framework/Versions/A/Frameworks/vecLib.framework/Versions/A/libLAPACK.dylib
0x0000000009513000 	/System/Library/Frameworks/Accelerate.framework/Versions/A/Frameworks/vecLib.framework/Versions/A/libBLAS.dylib
0x0000000009513000 	/System/Library/Frameworks/Accelerate.framework/Versions/A/Frameworks/vecLib.framework/Versions/A/libLinearAlgebra.dylib
0x0000000009513000 	/System/Library/Frameworks/Accelerate.framework/Versions/A/Frameworks/vecLib.framework/Versions/A/libSparseBLAS.dylib
0x0000000009513000 	/System/Library/PrivateFrameworks/GPUCompiler.framework/libmetal_timestamp.dylib
0x0000000009513000 	/System/Library/Frameworks/OpenGL.framework/Versions/A/Libraries/libCoreFSCache.dylib
0x0000000009513000 	/System/Library/PrivateFrameworks/IOAccelerator.framework/Versions/A/IOAccelerator
0x0000000009513000 	/System/Library/Frameworks/ApplicationServices.framework/Versions/A/Frameworks/ATS.framework/Versions/A/Resources/libFontParser.dylib
0x0000000009513000 	/System/Library/Frameworks/ApplicationServices.framework/Versions/A/Frameworks/ATS.framework/Versions/A/Resources/libFontRegistry.dylib
0x0000000009513000 	/System/Library/PrivateFrameworks/AppleVPA.framework/Versions/A/AppleVPA
0x0000000009513000 	/System/Library/PrivateFrameworks/AppleJPEG.framework/Versions/A/AppleJPEG
0x0000000009513000 	/System/Library/Frameworks/ImageIO.framework/Versions/A/Resources/libJPEG.dylib
0x0000000009513000 	/System/Library/Frameworks/ImageIO.framework/Versions/A/Resources/libTIFF.dylib
0x0000000009513000 	/System/Library/Frameworks/ImageIO.framework/Versions/A/Resources/libPng.dylib
0x0000000009513000 	/System/Library/Frameworks/ImageIO.framework/Versions/A/Resources/libGIF.dylib
0x0000000009513000 	/System/Library/Frameworks/ImageIO.framework/Versions/A/Resources/libJP2.dylib
0x0000000009513000 	/System/Library/Frameworks/ImageIO.framework/Versions/A/Resources/libRadiance.dylib
0x0000000009513000 	/System/Library/Frameworks/CoreVideo.framework/Versions/A/CoreVideo
0x0000000009513000 	/System/Library/Frameworks/OpenGL.framework/Versions/A/Libraries/libGLU.dylib
0x0000000009513000 	/System/Library/Frameworks/OpenGL.framework/Versions/A/Libraries/libGFXShared.dylib
0x0000000009513000 	/System/Library/Frameworks/OpenGL.framework/Versions/A/Libraries/libGL.dylib
0x0000000009513000 	/System/Library/Frameworks/OpenGL.framework/Versions/A/Libraries/libGLImage.dylib
0x0000000009513000 	/System/Library/Frameworks/OpenGL.framework/Versions/A/Libraries/libCVMSPluginSupport.dylib
0x0000000009513000 	/System/Library/Frameworks/OpenGL.framework/Versions/A/Libraries/libCoreVMClient.dylib
0x0000000009513000 	/usr/lib/libcups.2.dylib
0x0000000009513000 	/System/Library/Frameworks/Kerberos.framework/Versions/A/Kerberos
0x0000000009513000 	/System/Library/Frameworks/GSS.framework/Versions/A/GSS
0x0000000009513000 	/usr/lib/libresolv.9.dylib
0x0000000009513000 	/usr/lib/libiconv.2.dylib
0x0000000009513000 	/System/Library/PrivateFrameworks/Heimdal.framework/Versions/A/Heimdal
0x0000000009513000 	/usr/lib/libheimdal-asn1.dylib
0x0000000009513000 	/System/Library/Frameworks/OpenDirectory.framework/Versions/A/OpenDirectory
0x0000000009513000 	/System/Library/PrivateFrameworks/CommonAuth.framework/Versions/A/CommonAuth
0x0000000009513000 	/System/Library/Frameworks/OpenDirectory.framework/Versions/A/Frameworks/CFOpenDirectory.framework/Versions/A/CFOpenDirectory
0x0000000009513000 	/System/Library/Frameworks/SecurityFoundation.framework/Versions/A/SecurityFoundation
0x0000000009513000 	/System/Library/PrivateFrameworks/LanguageModeling.framework/Versions/A/LanguageModeling
0x0000000009513000 	/usr/lib/libmarisa.dylib
0x0000000009513000 	/usr/lib/libChineseTokenizer.dylib
0x0000000009513000 	/usr/lib/libcmph.dylib
0x0000000009513000 	/usr/lib/libcompression.dylib
0x0000000009513000 	/System/Library/Frameworks/ServiceManagement.framework/Versions/A/ServiceManagement
0x0000000009513000 	/usr/lib/libxslt.1.dylib
0x0000000009513000 	/System/Library/Frameworks/Carbon.framework/Versions/A/Frameworks/Ink.framework/Versions/A/Ink
0x0000000009513000 	/usr/lib/libFosl_dynamic.dylib
0x0000000009513000 	/System/Library/PrivateFrameworks/FaceCore.framework/Versions/A/FaceCore
0x0000000009513000 	/System/Library/Frameworks/OpenCL.framework/Versions/A/OpenCL
0x0000000009513000 	/System/Library/PrivateFrameworks/CrashReporterSupport.framework/Versions/A/CrashReporterSupport
0x0000000009513000 	/System/Library/PrivateFrameworks/IconServices.framework/Versions/A/IconServices
0x0000000009513000 	/System/Library/PrivateFrameworks/Apple80211.framework/Versions/A/Apple80211
0x0000000009513000 	/System/Library/Frameworks/CoreWLAN.framework/Versions/A/CoreWLAN
0x0000000009513000 	/System/Library/Frameworks/IOBluetooth.framework/Versions/A/IOBluetooth
0x0000000009513000 	/System/Library/PrivateFrameworks/CoreWiFi.framework/Versions/A/CoreWiFi
0x0000000009513000 	/System/Library/Frameworks/CoreBluetooth.framework/Versions/A/CoreBluetooth
0x0000000009513000 	/System/Library/PrivateFrameworks/ChunkingLibrary.framework/Versions/A/ChunkingLibrary
0x0000000009513000 	/System/Library/PrivateFrameworks/DebugSymbols.framework/Versions/A/DebugSymbols
0x0000000009513000 	/System/Library/PrivateFrameworks/CoreSymbolication.framework/Versions/A/CoreSymbolication
0x0000000009513000 	/System/Library/PrivateFrameworks/Symbolication.framework/Versions/A/Symbolication
0x0000000009513000 	/System/Library/PrivateFrameworks/SpeechRecognitionCore.framework/Versions/A/SpeechRecognitionCore
0x0000000108800000 	/Users/Arnav_Gudibande/Downloads/BlueJ 3.1.5/BlueJ.app/Contents/Frameworks/jdk.framework/Versions/A/Contents/Home/jre/lib/server/libjvm.dylib
0x0000000009513000 	/usr/lib/libstdc++.6.dylib
0x000000010772b000 	/Users/Arnav_Gudibande/Downloads/BlueJ 3.1.5/BlueJ.app/Contents/Frameworks/jdk.framework/Versions/A/Contents/Home/jre/lib/libverify.dylib
0x0000000107739000 	/Users/Arnav_Gudibande/Downloads/BlueJ 3.1.5/BlueJ.app/Contents/Frameworks/jdk.framework/Versions/A/Contents/Home/jre/lib/libjava.dylib
0x000000010776e000 	/Users/Arnav_Gudibande/Downloads/BlueJ 3.1.5/BlueJ.app/Contents/Frameworks/jdk.framework/Versions/A/Contents/Home/jre/lib/libjdwp.dylib
0x00000001077b9000 	/Users/Arnav_Gudibande/Downloads/BlueJ 3.1.5/BlueJ.app/Contents/Frameworks/jdk.framework/Versions/A/Contents/Home/jre/lib/libnpt.dylib
0x00000001077c6000 	/Users/Arnav_Gudibande/Downloads/BlueJ 3.1.5/BlueJ.app/Contents/Frameworks/jdk.framework/Versions/A/Contents/Home/jre/lib/libzip.dylib
0x00000001247aa000 	/System/Library/Frameworks/JavaVM.framework/Frameworks/JavaRuntimeSupport.framework/JavaRuntimeSupport
0x00000001247c5000 	/System/Library/Frameworks/JavaVM.framework/Versions/A/Frameworks/JavaNativeFoundation.framework/Versions/A/JavaNativeFoundation
0x00000001247da000 	/System/Library/Frameworks/JavaVM.framework/Versions/A/JavaVM
0x0000000009513000 	/System/Library/Frameworks/Carbon.framework/Versions/A/Carbon
0x00000001247e7000 	/System/Library/PrivateFrameworks/JavaLaunching.framework/Versions/A/JavaLaunching
0x0000000009513000 	/System/Library/Frameworks/Carbon.framework/Versions/A/Frameworks/CommonPanels.framework/Versions/A/CommonPanels
0x0000000009513000 	/System/Library/Frameworks/Carbon.framework/Versions/A/Frameworks/Help.framework/Versions/A/Help
0x0000000009513000 	/System/Library/Frameworks/Carbon.framework/Versions/A/Frameworks/ImageCapture.framework/Versions/A/ImageCapture
0x0000000009513000 	/System/Library/Frameworks/Carbon.framework/Versions/A/Frameworks/OpenScripting.framework/Versions/A/OpenScripting
0x0000000009513000 	/System/Library/Frameworks/Carbon.framework/Versions/A/Frameworks/Print.framework/Versions/A/Print
0x0000000009513000 	/System/Library/Frameworks/Carbon.framework/Versions/A/Frameworks/SecurityHI.framework/Versions/A/SecurityHI
0x0000000126104000 	/Users/Arnav_Gudibande/Downloads/BlueJ 3.1.5/BlueJ.app/Contents/Frameworks/jdk.framework/Versions/A/Contents/Home/jre/lib/libdt_socket.dylib
0x0000000126158000 	/Users/Arnav_Gudibande/Downloads/BlueJ 3.1.5/BlueJ.app/Contents/Frameworks/jdk.framework/Versions/A/Contents/Home/jre/lib/libawt.dylib
0x0000000126207000 	/Users/Arnav_Gudibande/Downloads/BlueJ 3.1.5/BlueJ.app/Contents/Frameworks/jdk.framework/Versions/A/Contents/Home/jre/lib/./libmlib_image.dylib
0x00000001262d3000 	/Users/Arnav_Gudibande/Downloads/BlueJ 3.1.5/BlueJ.app/Contents/Frameworks/jdk.framework/Versions/A/Contents/Home/jre/lib/libawt_lwawt.dylib
0x0000000126386000 	/Users/Arnav_Gudibande/Downloads/BlueJ 3.1.5/BlueJ.app/Contents/Frameworks/jdk.framework/Versions/A/Contents/Home/jre/lib/./libosxapp.dylib
0x0000000009513000 	/System/Library/Frameworks/ExceptionHandling.framework/Versions/A/ExceptionHandling
0x0000000009513000 	/System/Library/PrivateFrameworks/CoreServicesInternal.framework/Versions/A/CoreServicesInternal
0x0000000009513000 	/System/Library/CoreServices/RawCamera.bundle/Contents/MacOS/RawCamera
0x0000000009513000 	/System/Library/Frameworks/CoreGraphics.framework/Versions/A/Resources/libRIP.A.dylib
0x0000000009513000 	/System/Library/Frameworks/Accelerate.framework/Versions/A/Frameworks/vImage.framework/Versions/A/Libraries/libCGInterfaces.dylib
0x0000000009513000 	/System/Library/Frameworks/CoreGraphics.framework/Versions/A/Resources/libCGXType.A.dylib
0x0000000009513000 	/System/Library/Frameworks/OpenCL.framework/Versions/A/Libraries/libcldcpuengine.dylib
0x0000000009513000 	/System/Library/PrivateFrameworks/DiskImages.framework/Versions/A/DiskImages
0x0000000009513000 	/System/Library/Frameworks/DiscRecording.framework/Versions/A/DiscRecording
0x0000000009513000 	/usr/lib/libcsfde.dylib
0x0000000009513000 	/usr/lib/libcurl.4.dylib
0x0000000009513000 	/System/Library/PrivateFrameworks/MediaKit.framework/Versions/A/MediaKit
0x0000000009513000 	/System/Library/PrivateFrameworks/ProtectedCloudStorage.framework/Versions/A/ProtectedCloudStorage
0x0000000009513000 	/usr/lib/libCoreStorage.dylib
0x0000000009513000 	/System/Library/PrivateFrameworks/EFILogin.framework/Versions/A/EFILogin
0x0000000009513000 	/usr/lib/libutil.dylib
0x0000000009513000 	/System/Library/PrivateFrameworks/FindMyDevice.framework/Versions/A/FindMyDevice
0x0000000009513000 	/System/Library/Frameworks/LDAP.framework/Versions/A/LDAP
0x0000000009513000 	/usr/lib/libsasl2.2.dylib
0x0000000009513000 	/System/Library/PrivateFrameworks/CoreDaemon.framework/Versions/B/CoreDaemon
0x0000000009513000 	/usr/lib/libcrypto.0.9.8.dylib
0x0000000009513000 	/System/Library/PrivateFrameworks/AppleSRP.framework/Versions/A/AppleSRP
0x0000000009513000 	/System/Library/PrivateFrameworks/TrustEvaluationAgent.framework/Versions/A/TrustEvaluationAgent
0x0000000126f08000 	cl_kernels
0x0000000009513000 	/System/Library/Frameworks/OpenCL.framework/Versions/A/Libraries/ImageFormats/unorm8_bgra.dylib
0x0000000009513000 	/System/Library/Frameworks/OpenCL.framework/Versions/A/Libraries/ImageFormats/unorm8_rgba.dylib
0x0000000009513000 	/System/Library/PrivateFrameworks/FamilyControls.framework/Versions/A/FamilyControls
0x0000000009513000 	/System/Library/PrivateFrameworks/CommerceKit.framework/Versions/A/Frameworks/CommerceCore.framework/Versions/A/CommerceCore
0x0000000009513000 	/System/Library/PrivateFrameworks/SystemAdministration.framework/Versions/A/SystemAdministration
0x0000000009513000 	/System/Library/PrivateFrameworks/AppContainer.framework/Versions/A/AppContainer
0x0000000009513000 	/System/Library/PrivateFrameworks/SecCodeWrapper.framework/Versions/A/SecCodeWrapper
0x0000000009513000 	/System/Library/Frameworks/DirectoryService.framework/Versions/A/DirectoryService
0x0000000009513000 	/System/Library/PrivateFrameworks/LoginUIKit.framework/Versions/A/Frameworks/LoginUICore.framework/Versions/A/LoginUICore
0x0000000009513000 	/usr/lib/libodfde.dylib
0x0000000128be6000 	/Users/Arnav_Gudibande/Downloads/BlueJ 3.1.5/BlueJ.app/Contents/Frameworks/jdk.framework/Versions/A/Contents/Home/jre/lib/libfontmanager.dylib
0x0000000009513000 	/System/Library/Frameworks/OpenGL.framework/Versions/A/Resources/GLEngine.bundle/GLEngine
0x0000000009513000 	/System/Library/Frameworks/OpenGL.framework/Versions/A/Libraries/libGLProgrammability.dylib
0x0000000128dd4000 	/System/Library/Extensions/AppleIntelHD5000GraphicsGLDriver.bundle/Contents/MacOS/AppleIntelHD5000GraphicsGLDriver
0x0000000009513000 	/System/Library/PrivateFrameworks/GPUSupport.framework/Versions/A/Libraries/libGPUSupportMercury.dylib
0x0000000009513000 	/System/Library/Frameworks/OpenGL.framework/Versions/A/Resources/GLRendererFloat.bundle/GLRendererFloat
0x0000000128cbe000 	/Users/Arnav_Gudibande/Downloads/BlueJ 3.1.5/BlueJ.app/Contents/Frameworks/jdk.framework/Versions/A/Contents/Home/jre/lib/libosxui.dylib
0x000000012d0a5000 	/System/Library/Extensions/AppleIntelHD5000GraphicsMTLDriver.bundle/Contents/MacOS/AppleIntelHD5000GraphicsMTLDriver
0x000000012db4d000 	/Users/Arnav_Gudibande/Downloads/BlueJ 3.1.5/BlueJ.app/Contents/Frameworks/jdk.framework/Versions/A/Contents/Home/jre/lib/libdcpr.dylib
0x000000012dc2d000 	/Users/Arnav_Gudibande/Downloads/BlueJ 3.1.5/BlueJ.app/Contents/Frameworks/jdk.framework/Versions/A/Contents/Home/jre/lib/libnet.dylib
0x000000012dc44000 	/Users/Arnav_Gudibande/Downloads/BlueJ 3.1.5/BlueJ.app/Contents/Frameworks/jdk.framework/Versions/A/Contents/Home/jre/lib/libnio.dylib
0x0000000009513000 	/System/Library/Frameworks/ApplicationServices.framework/Versions/A/Frameworks/ATS.framework/Versions/A/Resources/libTrueTypeScaler.dylib

VM Arguments:
jvm_args: -ea -Djavafx.macosx.embedded=true -agentlib:jdwp=transport=dt_socket,address=127.0.0.1:49301 -Dfile.encoding=UTF-8 
java_command: bluej.runtime.ExecServer UTF-8
java_class_path (initial): /Users/Arnav_Gudibande/Downloads/BlueJ 3.1.5/BlueJ.app/Contents/Resources/Java/bluejcore.jar:/Users/Arnav_Gudibande/Downloads/BlueJ 3.1.5/BlueJ.app/Contents/Resources/Java/junit-4.8.2.jar:/Users/Arnav_Gudibande/Downloads/BlueJ 3.1.5/BlueJ.app/Contents/Resources/Java/userlib/pi4j-core.jar:/Users/Arnav_Gudibande/Downloads/BlueJ 3.1.5/BlueJ.app/Contents/Resources/Java/userlib/pi4j-device.jar:/Users/Arnav_Gudibande/Downloads/BlueJ 3.1.5/BlueJ.app/Contents/Resources/Java/userlib/pi4j-gpio-extension.jar:/Users/Arnav_Gudibande/Downloads/BlueJ 3.1.5/BlueJ.app/Contents/Resources/Java/userlib/pi4j-service.jar
Launcher Type: SUN_STANDARD

Environment Variables:
PATH=/usr/bin:/bin:/usr/sbin:/sbin
SHELL=/bin/bash

Signal Handlers:
SIGSEGV: [libjvm.dylib+0x57a0e7], sa_mask[0]=11111111011111110111111111111111, sa_flags=SA_ONSTACK|SA_RESTART|SA_SIGINFO
SIGBUS: [libjvm.dylib+0x57a0e7], sa_mask[0]=11111111011111110111111111111111, sa_flags=SA_RESTART|SA_SIGINFO
SIGFPE: [libjvm.dylib+0x45af24], sa_mask[0]=11111111011111110111111111111111, sa_flags=SA_RESTART|SA_SIGINFO
SIGPIPE: [libjvm.dylib+0x45af24], sa_mask[0]=11111111011111110111111111111111, sa_flags=SA_RESTART|SA_SIGINFO
SIGXFSZ: [libjvm.dylib+0x45af24], sa_mask[0]=11111111011111110111111111111111, sa_flags=SA_RESTART|SA_SIGINFO
SIGILL: [libjvm.dylib+0x45af24], sa_mask[0]=11111111011111110111111111111111, sa_flags=SA_RESTART|SA_SIGINFO
SIGUSR1: SIG_DFL, sa_mask[0]=00000000000000000000000000000000, sa_flags=none
SIGUSR2: [libjvm.dylib+0x45aa42], sa_mask[0]=00100000000000000000000000000000, sa_flags=SA_RESTART|SA_SIGINFO
SIGHUP: [libjvm.dylib+0x459015], sa_mask[0]=11111111011111110111111111111111, sa_flags=SA_RESTART|SA_SIGINFO
SIGINT: [libjvm.dylib+0x459015], sa_mask[0]=11111111011111110111111111111111, sa_flags=SA_RESTART|SA_SIGINFO
SIGTERM: [libjvm.dylib+0x459015], sa_mask[0]=11111111011111110111111111111111, sa_flags=SA_RESTART|SA_SIGINFO
SIGQUIT: [libjvm.dylib+0x459015], sa_mask[0]=11111111011111110111111111111111, sa_flags=SA_RESTART|SA_SIGINFO


---------------  S Y S T E M  ---------------

OS:Bsduname:Darwin 15.2.0 Darwin Kernel Version 15.2.0: Fri Nov 13 19:56:56 PST 2015; root:xnu-3248.20.55~2/RELEASE_X86_64 x86_64
rlimit: STACK 8192k, CORE 0k, NPROC 709, NOFILE 10240, AS infinity
load average:1.66 1.41 1.28

CPU:total 8 (4 cores per cpu, 2 threads per core) family 6 model 70 stepping 1, cmov, cx8, fxsr, mmx, sse, sse2, sse3, ssse3, sse4.1, sse4.2, popcnt, avx, avx2, aes, clmul, erms, lzcnt, ht, tsc, tscinvbit, bmi1, bmi2

Memory: 4k page, physical 16777216k(1465320k free)

/proc/meminfo:


vm_info: Java HotSpot(TM) 64-Bit Server VM (25.31-b07) for bsd-amd64 JRE (1.8.0_31-b13), built on Dec 17 2014 20:45:36 by "java_re" with gcc 4.2.1 (Based on Apple Inc. build 5658) (LLVM build 2336.11.00)

time: Tue Jan 26 09:58:25 2016
elapsed time: 1810 seconds (0d 0h 30m 10s)

